{"E:\\IT_and_programing\\Frontend\\8.0_Homeworks\\Task-6.1\\dist\\js\\game.js": {"path":"E:\\IT_and_programing\\Frontend\\8.0_Homeworks\\Task-6.1\\dist\\js\\game.js","statementMap":{"0":{"start":{"line":1,"column":0},"end":{"line":1,"column":43}},"1":{"start":{"line":3,"column":0},"end":{"line":3,"column":45}},"2":{"start":{"line":5,"column":0},"end":{"line":5,"column":41}},"3":{"start":{"line":7,"column":0},"end":{"line":7,"column":46}},"4":{"start":{"line":9,"column":0},"end":{"line":11,"column":3}},"5":{"start":{"line":12,"column":0},"end":{"line":12,"column":31}},"6":{"start":{"line":18,"column":15},"end":{"line":18,"column":17}},"7":{"start":{"line":20,"column":15},"end":{"line":20,"column":17}},"8":{"start":{"line":22,"column":2},"end":{"line":36,"column":3}},"9":{"start":{"line":24,"column":4},"end":{"line":35,"column":5}},"10":{"start":{"line":26,"column":6},"end":{"line":29,"column":9}},"11":{"start":{"line":31,"column":6},"end":{"line":34,"column":9}},"12":{"start":{"line":38,"column":2},"end":{"line":42,"column":5}},"13":{"start":{"line":40,"column":4},"end":{"line":40,"column":33}},"14":{"start":{"line":40,"column":23},"end":{"line":40,"column":33}},"15":{"start":{"line":41,"column":4},"end":{"line":41,"column":32}},"16":{"start":{"line":41,"column":23},"end":{"line":41,"column":32}},"17":{"start":{"line":43,"column":2},"end":{"line":43,"column":31}}},"fnMap":{"0":{"name":"orderByProps","decl":{"start":{"line":16,"column":9},"end":{"line":16,"column":21}},"loc":{"start":{"line":16,"column":32},"end":{"line":44,"column":1}},"line":16},"1":{"name":"(anonymous_1)","decl":{"start":{"line":38,"column":12},"end":{"line":38,"column":13}},"loc":{"start":{"line":38,"column":22},"end":{"line":42,"column":3}},"line":38}},"branchMap":{"0":{"loc":{"start":{"line":24,"column":4},"end":{"line":35,"column":5}},"type":"if","locations":[{"start":{"line":24,"column":4},"end":{"line":35,"column":5}},{"start":{"line":24,"column":4},"end":{"line":35,"column":5}}],"line":24},"1":{"loc":{"start":{"line":40,"column":4},"end":{"line":40,"column":33}},"type":"if","locations":[{"start":{"line":40,"column":4},"end":{"line":40,"column":33}},{"start":{"line":40,"column":4},"end":{"line":40,"column":33}}],"line":40},"2":{"loc":{"start":{"line":41,"column":4},"end":{"line":41,"column":32}},"type":"if","locations":[{"start":{"line":41,"column":4},"end":{"line":41,"column":32}},{"start":{"line":41,"column":4},"end":{"line":41,"column":32}}],"line":41}},"s":{"0":1,"1":1,"2":1,"3":1,"4":1,"5":1,"6":1,"7":1,"8":1,"9":5,"10":2,"11":3,"12":1,"13":4,"14":2,"15":2,"16":2,"17":1},"f":{"0":1,"1":4},"b":{"0":[2,3],"1":[2,2],"2":[2,0]},"_coverageSchema":"1a1c01bbd47fc00a2c39e90264f33305004495a9","hash":"f4483e64e10826b1313748a12a9916f419044b74"}
,"E:\\IT_and_programing\\Frontend\\8.0_Homeworks\\Task-6.1\\src\\js\\game.js": {"path":"E:\\IT_and_programing\\Frontend\\8.0_Homeworks\\Task-6.1\\src\\js\\game.js","statementMap":{"0":{"start":{"line":4,"column":12},"end":{"line":6,"column":1}},"1":{"start":{"line":7,"column":12},"end":{"line":7,"column":29}},"2":{"start":{"line":10,"column":15},"end":{"line":10,"column":17}},"3":{"start":{"line":11,"column":15},"end":{"line":11,"column":17}},"4":{"start":{"line":12,"column":2},"end":{"line":18,"column":3}},"5":{"start":{"line":13,"column":4},"end":{"line":17,"column":5}},"6":{"start":{"line":14,"column":6},"end":{"line":14,"column":42}},"7":{"start":{"line":16,"column":6},"end":{"line":16,"column":42}},"8":{"start":{"line":19,"column":2},"end":{"line":22,"column":5}},"9":{"start":{"line":20,"column":4},"end":{"line":20,"column":33}},"10":{"start":{"line":20,"column":23},"end":{"line":20,"column":33}},"11":{"start":{"line":21,"column":4},"end":{"line":21,"column":32}},"12":{"start":{"line":21,"column":23},"end":{"line":21,"column":32}},"13":{"start":{"line":23,"column":2},"end":{"line":23,"column":28}},"14":{"start":{"line":26,"column":0},"end":{"line":26,"column":23}}},"fnMap":{"0":{"name":"orderByProps","decl":{"start":{"line":9,"column":24},"end":{"line":9,"column":36}},"loc":{"start":{"line":9,"column":47},"end":{"line":24,"column":1}},"line":9},"1":{"name":"(anonymous_1)","decl":{"start":{"line":19,"column":12},"end":{"line":19,"column":13}},"loc":{"start":{"line":19,"column":22},"end":{"line":22,"column":3}},"line":19}},"branchMap":{"0":{"loc":{"start":{"line":13,"column":4},"end":{"line":17,"column":5}},"type":"if","locations":[{"start":{"line":13,"column":4},"end":{"line":17,"column":5}},{"start":{"line":13,"column":4},"end":{"line":17,"column":5}}],"line":13},"1":{"loc":{"start":{"line":20,"column":4},"end":{"line":20,"column":33}},"type":"if","locations":[{"start":{"line":20,"column":4},"end":{"line":20,"column":33}},{"start":{"line":20,"column":4},"end":{"line":20,"column":33}}],"line":20},"2":{"loc":{"start":{"line":21,"column":4},"end":{"line":21,"column":32}},"type":"if","locations":[{"start":{"line":21,"column":4},"end":{"line":21,"column":32}},{"start":{"line":21,"column":4},"end":{"line":21,"column":32}}],"line":21}},"s":{"0":1,"1":1,"2":2,"3":2,"4":2,"5":10,"6":4,"7":6,"8":2,"9":8,"10":4,"11":4,"12":4,"13":2,"14":1},"f":{"0":2,"1":8},"b":{"0":[4,6],"1":[4,4],"2":[4,0]},"_coverageSchema":"1a1c01bbd47fc00a2c39e90264f33305004495a9","hash":"053fab3b326197f94f7576a7f49cb12c6db132fd"}
}
