TN:
SF:dist\js\game.js
FN:16,orderByProps
FN:38,(anonymous_1)
FNF:2
FNH:2
FNDA:1,orderByProps
FNDA:4,(anonymous_1)
DA:1,1
DA:3,1
DA:5,1
DA:7,1
DA:9,1
DA:12,1
DA:18,1
DA:20,1
DA:22,1
DA:24,5
DA:26,2
DA:31,3
DA:38,1
DA:40,4
DA:41,2
DA:43,1
LF:16
LH:16
BRDA:24,0,0,2
BRDA:24,0,1,3
BRDA:40,1,0,2
BRDA:40,1,1,2
BRDA:41,2,0,2
BRDA:41,2,1,0
BRF:6
BRH:5
end_of_record
TN:
SF:src\js\game.js
FN:9,orderByProps
FN:19,(anonymous_1)
FNF:2
FNH:2
FNDA:2,orderByProps
FNDA:8,(anonymous_1)
DA:4,1
DA:7,1
DA:10,2
DA:11,2
DA:12,2
DA:13,10
DA:14,4
DA:16,6
DA:19,2
DA:20,8
DA:21,4
DA:23,2
DA:26,1
LF:13
LH:13
BRDA:13,0,0,4
BRDA:13,0,1,6
BRDA:20,1,0,4
BRDA:20,1,1,4
BRDA:21,2,0,4
BRDA:21,2,1,0
BRF:6
BRH:5
end_of_record
